SF:./lib\common\constants.dart
DA:15,6
DA:16,3
DA:17,39
DA:19,3
DA:21,3
DA:25,3
DA:26,1
DA:27,1
DA:28,1
DA:29,1
LF:10
LH:10
end_of_record
SF:./lib\data\datasources\external\ssl_pinning.dart
DA:8,13
DA:10,26
DA:12,13
DA:13,39
DA:15,13
DA:16,13
DA:18,13
LF:7
LH:7
end_of_record
SF:./lib\data\datasources\db\database_helper.dart
DA:9,11
DA:11,11
DA:12,11
DA:16,1
DA:17,2
DA:18,1
DA:24,1
DA:25,1
DA:26,1
DA:28,2
DA:32,0
DA:33,0
DA:41,0
DA:51,1
DA:52,1
DA:53,2
DA:56,1
DA:57,1
DA:58,1
DA:61,2
DA:65,1
DA:66,1
DA:67,1
DA:70,1
DA:73,1
DA:74,1
DA:80,1
DA:81,1
DA:83,1
DA:94,1
DA:95,1
DA:96,2
DA:99,1
DA:100,1
DA:101,1
DA:104,2
DA:108,1
DA:109,1
DA:110,1
DA:113,1
DA:116,1
DA:117,1
DA:123,1
DA:124,1
DA:125,1
LF:45
LH:42
end_of_record
SF:./lib\data\models\movie_table.dart
DA:11,3
DA:18,2
DA:19,1
DA:20,1
DA:21,1
DA:22,1
DA:25,2
DA:26,1
DA:27,1
DA:28,1
DA:29,1
DA:32,2
DA:33,1
DA:34,1
DA:35,1
DA:36,1
DA:39,2
DA:40,1
DA:41,1
DA:42,1
DA:43,1
DA:46,2
DA:47,10
LF:23
LH:23
end_of_record
SF:./lib\data\models\tv_table.dart
DA:11,3
DA:18,2
DA:19,1
DA:20,1
DA:21,1
DA:22,1
DA:25,2
DA:26,1
DA:27,1
DA:28,1
DA:29,1
DA:32,2
DA:33,1
DA:34,1
DA:35,1
DA:36,1
DA:39,2
DA:40,1
DA:41,1
DA:42,1
DA:43,1
DA:46,2
DA:47,10
LF:23
LH:23
end_of_record
SF:./lib\domain\entities\movie.dart
DA:6,15
DA:22,1
DA:43,5
DA:44,5
DA:45,5
DA:46,5
DA:47,5
DA:48,5
DA:49,5
DA:50,5
DA:51,5
DA:52,5
DA:53,5
DA:54,5
DA:55,5
DA:56,5
DA:57,5
LF:17
LH:17
end_of_record
SF:./lib\domain\entities\movie_detail.dart
DA:5,7
DA:33,1
DA:34,1
DA:35,1
DA:36,1
DA:37,1
DA:38,1
DA:39,1
DA:40,1
DA:41,1
DA:42,1
DA:43,1
DA:44,1
DA:45,1
LF:14
LH:14
end_of_record
SF:./lib\domain\entities\tv.dart
DA:6,16
DA:22,1
DA:43,3
DA:44,3
DA:45,3
DA:46,3
DA:47,3
DA:48,3
DA:49,3
DA:50,3
DA:51,3
DA:52,3
DA:53,3
DA:54,3
DA:55,3
DA:56,3
DA:57,3
LF:17
LH:17
end_of_record
SF:./lib\domain\entities\tv_detail.dart
DA:5,7
DA:56,1
DA:57,1
DA:58,1
DA:59,1
DA:60,1
DA:61,1
DA:62,1
DA:63,1
DA:64,1
DA:65,1
DA:66,1
DA:67,1
DA:68,1
DA:69,1
DA:70,1
DA:71,1
DA:72,1
DA:73,1
DA:74,1
DA:75,1
DA:76,1
DA:77,1
DA:78,1
DA:79,1
DA:80,1
DA:81,1
LF:27
LH:27
end_of_record
SF:./lib\domain\entities\genre.dart
DA:4,14
DA:12,2
DA:13,6
LF:3
LH:3
end_of_record
SF:./lib\common\exception.dart
DA:6,4
LF:1
LH:1
end_of_record
SF:./lib\data\datasources\movie_local_data_source.dart
DA:15,11
DA:17,1
DA:20,2
DA:23,2
DA:27,1
DA:30,2
DA:33,2
DA:37,1
DA:39,2
DA:41,1
DA:47,1
DA:49,2
DA:50,4
LF:13
LH:13
end_of_record
SF:./lib\common\failure.dart
DA:6,26
DA:8,2
DA:9,4
DA:13,26
DA:17,2
DA:21,2
LF:6
LH:6
end_of_record
SF:./lib\data\datasources\movie_remote_data_source.dart
DA:25,11
DA:27,10
DA:30,60
DA:32,20
DA:33,4
DA:35,10
DA:39,1
DA:41,6
DA:43,2
DA:44,3
DA:46,1
DA:50,1
DA:52,1
DA:53,5
DA:55,2
DA:56,4
DA:58,1
DA:62,9
DA:65,54
DA:67,18
DA:68,4
DA:70,9
DA:74,9
DA:77,54
DA:79,18
DA:80,4
DA:82,9
DA:86,1
DA:88,1
DA:89,5
DA:91,2
DA:92,4
DA:94,1
LF:33
LH:33
end_of_record
SF:./lib\data\datasources\tv_local_data_source.dart
DA:15,6
DA:17,1
DA:20,2
DA:23,2
DA:27,1
DA:30,2
DA:33,2
DA:37,1
DA:39,2
DA:41,1
DA:47,1
DA:49,2
DA:50,4
LF:13
LH:13
end_of_record
SF:./lib\data\datasources\tv_remote_data_source.dart
DA:25,6
DA:27,5
DA:30,30
DA:32,10
DA:33,4
DA:35,5
DA:39,1
DA:41,6
DA:43,2
DA:44,3
DA:46,1
DA:50,1
DA:53,6
DA:55,2
DA:56,4
DA:58,1
DA:62,5
DA:64,30
DA:66,10
DA:67,4
DA:69,5
DA:73,5
DA:76,30
DA:78,10
DA:79,4
DA:81,5
DA:85,1
DA:88,6
DA:90,2
DA:91,4
DA:93,1
LF:31
LH:31
end_of_record
SF:./lib\data\models\movie_detail_model.dart
DA:6,3
DA:52,1
DA:53,1
DA:54,1
DA:55,1
DA:56,1
DA:57,1
DA:58,4
DA:59,1
DA:60,1
DA:61,1
DA:62,1
DA:63,1
DA:64,1
DA:65,2
DA:66,1
DA:67,1
DA:68,1
DA:69,1
DA:70,1
DA:71,1
DA:72,1
DA:73,1
DA:74,2
DA:75,1
DA:78,2
DA:79,1
DA:80,1
DA:81,1
DA:82,5
DA:83,1
DA:84,1
DA:85,1
DA:86,1
DA:87,1
DA:88,1
DA:89,1
DA:90,1
DA:91,1
DA:92,1
DA:93,1
DA:94,1
DA:95,1
DA:96,1
DA:97,1
DA:98,1
DA:99,1
DA:102,1
DA:103,1
DA:104,1
DA:105,1
DA:106,5
DA:107,1
DA:108,1
DA:109,1
DA:110,1
DA:111,1
DA:112,1
DA:113,1
DA:114,1
DA:115,1
DA:119,1
DA:120,1
DA:121,1
DA:122,1
DA:123,1
DA:124,1
DA:125,1
DA:126,1
DA:127,1
DA:128,1
DA:129,1
DA:130,1
DA:131,1
DA:132,1
DA:133,1
DA:134,1
DA:135,1
DA:136,1
DA:137,1
DA:138,1
DA:139,1
DA:140,1
DA:141,1
LF:84
LH:84
end_of_record
SF:./lib\data\models\movie_model.dart
DA:5,4
DA:35,4
DA:36,2
DA:37,2
DA:38,8
DA:39,2
DA:40,2
DA:41,2
DA:42,4
DA:43,2
DA:44,2
DA:45,2
DA:46,2
DA:47,4
DA:48,2
DA:51,2
DA:52,1
DA:53,1
DA:54,4
DA:55,1
DA:56,1
DA:57,1
DA:58,1
DA:59,1
DA:60,1
DA:61,1
DA:62,1
DA:63,1
DA:64,1
DA:67,2
DA:68,2
DA:69,2
DA:70,2
DA:71,2
DA:72,2
DA:73,2
DA:74,2
DA:75,2
DA:76,2
DA:77,2
DA:78,2
DA:79,2
DA:80,2
DA:81,2
DA:85,2
DA:86,2
DA:87,2
DA:88,2
DA:89,2
DA:90,2
DA:91,2
DA:92,2
DA:93,2
DA:94,2
DA:95,2
DA:96,2
DA:97,2
DA:98,2
DA:99,2
LF:59
LH:59
end_of_record
SF:./lib\data\models\tv_detail_model.dart
DA:31,3
DA:57,1
DA:58,1
DA:59,1
DA:60,1
DA:61,2
DA:62,1
DA:63,1
DA:64,4
DA:65,1
DA:66,1
DA:67,1
DA:68,2
DA:69,1
DA:70,1
DA:71,1
DA:72,1
DA:73,2
DA:74,1
DA:75,1
DA:76,1
DA:77,1
DA:78,1
DA:79,1
DA:80,1
DA:81,1
DA:82,1
DA:83,1
DA:87,1
DA:88,1
DA:89,2
DA:90,2
DA:91,2
DA:92,2
DA:93,1
DA:94,6
DA:96,2
DA:97,2
DA:98,2
DA:99,2
DA:100,2
DA:101,2
DA:102,2
DA:103,2
DA:104,2
DA:105,2
DA:106,2
DA:107,2
DA:108,2
DA:109,2
DA:110,2
DA:111,2
DA:112,2
DA:113,2
DA:114,2
DA:118,1
DA:119,1
DA:120,1
DA:121,1
DA:122,1
DA:123,1
DA:124,5
DA:125,1
DA:126,1
DA:127,1
DA:128,1
DA:129,1
DA:130,1
DA:131,1
DA:132,1
DA:133,1
DA:134,1
DA:135,1
DA:136,1
DA:137,1
DA:138,1
DA:139,1
DA:140,1
DA:141,1
DA:142,1
DA:143,1
DA:147,1
DA:148,1
DA:149,1
DA:150,1
DA:151,1
DA:152,1
DA:153,1
DA:154,1
DA:155,1
DA:156,1
DA:157,1
DA:158,1
DA:159,1
DA:160,1
DA:161,1
DA:162,1
DA:163,1
DA:164,1
DA:165,1
DA:166,1
DA:167,1
DA:168,1
DA:169,1
DA:170,1
DA:171,1
DA:172,1
LF:107
LH:107
end_of_record
SF:./lib\data\models\tv_model.dart
DA:5,4
DA:35,4
DA:36,2
DA:37,2
DA:38,8
DA:39,2
DA:40,2
DA:41,8
DA:42,2
DA:43,2
DA:44,2
DA:45,4
DA:46,2
DA:47,4
DA:48,2
DA:51,2
DA:52,1
DA:53,1
DA:54,4
DA:55,1
DA:56,1
DA:57,4
DA:58,1
DA:59,1
DA:60,1
DA:61,1
DA:62,1
DA:63,1
DA:64,1
DA:67,2
DA:68,2
DA:69,2
DA:70,2
DA:71,2
DA:72,2
DA:73,2
DA:74,2
DA:75,2
DA:76,2
DA:77,2
DA:78,2
DA:79,2
DA:80,2
DA:81,2
DA:85,2
DA:86,2
DA:87,2
DA:88,2
DA:89,2
DA:90,2
DA:91,2
DA:92,2
DA:93,2
DA:94,2
DA:95,2
DA:96,2
DA:97,2
DA:98,2
DA:99,2
LF:59
LH:59
end_of_record
SF:./lib\data\models\movie_response.dart
DA:7,2
DA:9,4
DA:10,4
DA:11,6
DA:12,6
DA:15,2
DA:16,5
DA:19,1
DA:20,2
LF:9
LH:9
end_of_record
SF:./lib\data\models\tv_response.dart
DA:7,2
DA:9,4
DA:10,4
DA:11,6
DA:12,6
DA:15,2
DA:16,5
DA:19,1
DA:20,2
LF:9
LH:9
end_of_record
SF:./lib\data\models\genre_model.dart
DA:5,6
DA:13,4
DA:14,2
DA:15,2
DA:18,4
DA:19,2
DA:20,2
DA:23,2
DA:24,6
DA:27,2
DA:28,6
LF:11
LH:11
end_of_record
SF:./lib\data\repositories\tv_repository_impl.dart
DA:17,6
DA:22,5
DA:25,10
DA:26,5
DA:27,5
DA:28,10
DA:29,1
DA:30,2
DA:34,1
DA:37,2
DA:38,2
DA:39,1
DA:40,2
DA:41,1
DA:42,2
DA:58,5
DA:61,10
DA:62,5
DA:63,5
DA:64,10
DA:65,1
DA:66,2
DA:70,5
DA:73,10
DA:74,5
DA:75,5
DA:76,10
DA:77,1
DA:78,2
DA:82,1
DA:85,2
DA:86,5
DA:87,1
DA:88,2
DA:89,1
DA:90,2
DA:94,1
DA:98,3
DA:99,1
DA:100,1
DA:101,3
DA:107,1
DA:111,3
DA:112,1
DA:113,1
DA:114,3
DA:118,1
DA:120,2
DA:124,1
DA:126,2
DA:127,5
DA:130,1
DA:133,2
DA:134,3
DA:135,1
DA:136,2
DA:137,1
DA:138,2
LF:58
LH:58
end_of_record
SF:./lib\domain\usecases\get_movie_detail.dart
DA:9,1
DA:11,1
DA:12,2
LF:3
LH:3
end_of_record
SF:./lib\data\repositories\movie_repository_impl.dart
DA:17,11
DA:22,10
DA:25,20
DA:26,5
DA:27,10
DA:28,20
DA:29,1
DA:30,2
DA:34,1
DA:37,2
DA:38,2
DA:39,1
DA:40,2
DA:41,1
DA:42,2
DA:46,1
DA:49,2
DA:50,3
DA:51,1
DA:52,2
DA:53,1
DA:54,2
DA:58,9
DA:61,18
DA:62,5
DA:63,9
DA:64,18
DA:65,1
DA:66,2
DA:70,9
DA:73,18
DA:74,5
DA:75,9
DA:76,18
DA:77,1
DA:78,2
DA:82,1
DA:85,2
DA:86,5
DA:87,1
DA:88,2
DA:89,1
DA:90,2
DA:94,1
DA:97,1
DA:98,2
DA:99,1
DA:100,1
DA:101,3
DA:107,1
DA:111,3
DA:112,1
DA:113,1
DA:114,3
DA:118,1
DA:120,2
DA:124,1
DA:126,2
DA:127,5
LF:59
LH:59
end_of_record
SF:./lib\domain\usecases\get_movie_recommendations.dart
DA:9,1
DA:11,1
DA:12,2
LF:3
LH:3
end_of_record
SF:./lib\domain\usecases\get_now_playing_movies.dart
DA:9,10
DA:11,10
DA:12,20
LF:3
LH:3
end_of_record
SF:./lib\domain\usecases\get_now_playing_tv.dart
DA:9,5
DA:11,5
DA:12,10
LF:3
LH:3
end_of_record
SF:./lib\domain\usecases\get_popular_movies.dart
DA:9,9
DA:11,9
DA:12,18
LF:3
LH:3
end_of_record
SF:./lib\domain\usecases\get_popular_tv.dart
DA:9,5
DA:11,5
DA:12,10
LF:3
LH:3
end_of_record
SF:./lib\domain\usecases\get_top_rated_movies.dart
DA:9,9
DA:11,9
DA:12,18
LF:3
LH:3
end_of_record
SF:./lib\domain\usecases\get_top_rated_tv.dart
DA:9,5
DA:11,5
DA:12,10
LF:3
LH:3
end_of_record
SF:./lib\domain\usecases\get_tv_detail.dart
DA:9,1
DA:11,1
DA:12,2
LF:3
LH:3
end_of_record
SF:./lib\domain\usecases\get_tv_recommendations.dart
DA:9,1
DA:11,1
DA:12,2
LF:3
LH:3
end_of_record
SF:./lib\domain\usecases\get_watchlist_movies.dart
DA:9,1
DA:11,1
DA:12,2
LF:3
LH:3
end_of_record
SF:./lib\domain\usecases\get_watchlist_status_movie.dart
DA:6,1
DA:8,1
DA:9,2
LF:3
LH:3
end_of_record
SF:./lib\domain\usecases\get_watchlist_status_tv.dart
DA:6,1
DA:8,1
DA:9,2
LF:3
LH:3
end_of_record
SF:./lib\domain\usecases\get_watchlist_tv.dart
DA:9,1
DA:11,1
DA:12,2
LF:3
LH:3
end_of_record
SF:./lib\domain\usecases\remove_watchlist_movie.dart
DA:9,1
DA:11,1
DA:12,2
LF:3
LH:3
end_of_record
SF:./lib\domain\usecases\remove_watchlist_tv.dart
DA:9,1
DA:11,1
DA:12,2
LF:3
LH:3
end_of_record
SF:./lib\domain\usecases\save_watchlist_movie.dart
DA:9,1
DA:11,1
DA:12,2
LF:3
LH:3
end_of_record
SF:./lib\domain\usecases\save_watchlist_tv.dart
DA:9,1
DA:11,1
DA:12,2
LF:3
LH:3
end_of_record
SF:./lib\domain\usecases\search_movies.dart
DA:9,2
DA:11,1
DA:12,2
LF:3
LH:3
end_of_record
SF:./lib\domain\usecases\search_tv.dart
DA:9,1
DA:11,1
DA:12,2
LF:3
LH:3
end_of_record
SF:./lib\presentation\bloc\movie\detail_movie_bloc.dart
DA:11,2
DA:13,1
DA:14,2
DA:20,1
DA:21,1
DA:27,2
DA:29,1
DA:30,1
DA:36,2
DA:38,1
DA:39,1
DA:45,3
DA:46,2
DA:47,2
DA:48,3
DA:49,5
DA:50,3
LF:17
LH:17
end_of_record
SF:./lib\presentation\bloc\movie\now_playing_movie_bloc.dart
DA:10,1
DA:11,1
DA:17,10
DA:18,10
DA:24,2
DA:26,1
DA:27,1
DA:33,11
DA:35,1
DA:36,1
DA:43,10
DA:44,20
DA:45,20
DA:46,20
DA:47,20
DA:48,10
DA:49,40
DA:50,3
LF:18
LH:18
end_of_record
SF:./lib\presentation\bloc\movie\popular_movie_bloc.dart
DA:10,1
DA:11,1
DA:17,9
DA:18,9
DA:24,3
DA:26,1
DA:27,2
DA:33,11
DA:35,1
DA:36,2
DA:42,27
DA:43,18
DA:44,18
DA:45,18
DA:46,9
DA:47,36
DA:48,3
LF:17
LH:17
end_of_record
SF:./lib\presentation\bloc\movie\recomendations_movie_bloc.dart
DA:12,2
DA:14,1
DA:15,2
DA:21,1
DA:22,1
DA:28,2
DA:30,1
DA:31,1
DA:37,2
DA:39,1
DA:40,1
DA:47,1
DA:48,2
DA:49,2
DA:50,2
DA:51,3
DA:52,1
DA:53,4
DA:54,3
LF:19
LH:19
end_of_record
SF:./lib\presentation\bloc\movie\search_movie_bloc.dart
DA:12,3
DA:14,1
DA:15,2
DA:21,2
DA:22,2
DA:28,2
DA:30,1
DA:31,2
DA:37,2
DA:39,1
DA:40,2
DA:46,2
DA:48,1
DA:49,2
DA:55,6
DA:56,4
DA:57,4
DA:58,2
DA:59,4
DA:62,3
DA:63,5
DA:64,1
DA:65,1
DA:66,0
DA:69,2
LF:25
LH:24
end_of_record
SF:./lib\presentation\bloc\movie\top_rated_movie_bloc.dart
DA:9,1
DA:10,1
DA:16,9
DA:17,9
DA:23,3
DA:25,1
DA:26,1
DA:32,11
DA:34,1
DA:35,1
DA:42,27
DA:43,18
DA:44,18
DA:45,18
DA:46,9
DA:47,36
DA:48,3
LF:17
LH:17
end_of_record
SF:./lib\presentation\bloc\tv\detail_tv_bloc.dart
DA:11,2
DA:13,1
DA:14,2
DA:20,1
DA:21,1
DA:27,2
DA:29,1
DA:30,1
DA:36,2
DA:38,1
DA:39,1
DA:45,3
DA:46,2
DA:47,2
DA:48,3
DA:49,5
DA:50,3
LF:17
LH:17
end_of_record
SF:./lib\presentation\bloc\tv\now_playing_tv_bloc.dart
DA:10,1
DA:11,1
DA:17,5
DA:18,5
DA:24,3
DA:26,1
DA:27,1
DA:33,7
DA:35,1
DA:36,1
DA:42,15
DA:43,10
DA:44,10
DA:45,10
DA:46,5
DA:47,20
DA:48,3
LF:17
LH:17
end_of_record
SF:./lib\presentation\bloc\tv\popular_tv_bloc.dart
DA:10,1
DA:11,1
DA:17,5
DA:18,5
DA:24,3
DA:26,1
DA:27,1
DA:33,7
DA:35,1
DA:36,1
DA:42,15
DA:43,10
DA:44,10
DA:45,10
DA:46,5
DA:47,20
DA:48,3
LF:17
LH:17
end_of_record
SF:./lib\presentation\bloc\tv\recomendations_tv_bloc.dart
DA:11,2
DA:13,1
DA:14,2
DA:20,1
DA:21,1
DA:27,2
DA:29,1
DA:30,1
DA:36,2
DA:38,1
DA:39,1
DA:46,1
DA:47,2
DA:48,2
DA:49,2
DA:50,3
DA:51,1
DA:52,4
DA:53,3
LF:19
LH:19
end_of_record
SF:./lib\presentation\bloc\tv\search_tv_bloc.dart
DA:11,2
DA:13,1
DA:14,2
DA:20,1
DA:21,1
DA:27,1
DA:29,1
DA:30,1
DA:36,2
DA:38,1
DA:39,1
DA:45,2
DA:47,1
DA:48,1
DA:54,3
DA:55,2
DA:56,2
DA:57,1
DA:58,2
DA:61,3
DA:62,5
DA:63,1
DA:64,1
DA:65,0
DA:68,2
LF:25
LH:24
end_of_record
SF:./lib\presentation\bloc\tv\top_rated_tv_bloc.dart
DA:10,1
DA:11,1
DA:17,5
DA:18,5
DA:24,3
DA:26,1
DA:27,1
DA:33,7
DA:35,1
DA:36,1
DA:42,15
DA:43,10
DA:44,10
DA:45,10
DA:46,5
DA:47,20
DA:48,3
LF:17
LH:17
end_of_record
SF:./lib\presentation\bloc\watchlist\watchlist_movie_bloc.dart
DA:16,2
DA:18,1
DA:19,2
DA:23,1
DA:24,1
DA:31,2
DA:33,2
DA:34,6
DA:40,1
DA:41,1
DA:46,2
DA:48,1
DA:49,2
DA:54,2
DA:56,1
DA:57,2
DA:63,3
DA:65,1
DA:66,2
DA:72,2
DA:74,1
DA:75,2
DA:85,1
DA:87,2
DA:88,2
DA:89,2
DA:90,2
DA:91,1
DA:92,4
DA:93,3
DA:96,2
DA:97,2
DA:98,3
DA:99,2
DA:101,2
DA:102,2
DA:104,1
DA:105,3
DA:107,3
DA:110,1
DA:111,4
DA:112,3
LF:42
LH:42
end_of_record
SF:./lib\presentation\bloc\watchlist\watchlist_tv_bloc.dart
DA:16,2
DA:18,1
DA:19,2
DA:23,1
DA:24,1
DA:31,2
DA:33,2
DA:34,6
DA:40,1
DA:41,1
DA:46,2
DA:48,1
DA:49,2
DA:54,2
DA:56,1
DA:57,2
DA:63,3
DA:65,1
DA:66,2
DA:72,2
DA:74,1
DA:75,2
DA:84,1
DA:86,2
DA:87,2
DA:88,2
DA:89,2
DA:90,1
DA:91,4
DA:92,3
DA:95,2
DA:96,2
DA:97,3
DA:98,2
DA:100,2
DA:101,2
DA:103,1
DA:104,3
DA:106,3
DA:109,1
DA:110,4
DA:111,3
LF:42
LH:42
end_of_record
SF:./lib\presentation\pages\about\about_page.dart
DA:8,1
DA:10,1
DA:12,1
DA:13,1
DA:14,1
DA:15,1
DA:16,1
DA:17,1
DA:18,1
DA:20,1
DA:21,1
DA:28,1
DA:29,1
DA:32,1
DA:34,1
DA:41,1
DA:42,1
DA:43,0
DA:44,1
LF:19
LH:18
end_of_record
SF:./lib\presentation\pages\movie\home_movie_page.dart
DA:23,10
DA:25,10
DA:27,10
DA:28,10
DA:29,10
DA:30,10
DA:31,10
DA:32,10
DA:33,10
DA:34,10
DA:36,10
DA:37,10
DA:39,10
DA:40,10
DA:41,10
DA:42,1
DA:43,1
DA:46,10
DA:47,10
DA:48,10
DA:49,1
DA:50,1
DA:53,10
DA:54,10
DA:55,10
DA:56,1
DA:57,1
DA:60,10
DA:61,1
DA:62,1
DA:64,10
DA:65,10
DA:70,10
DA:71,10
DA:72,10
DA:73,10
DA:74,1
DA:75,1
DA:77,10
DA:81,10
DA:83,10
DA:84,10
DA:86,10
DA:87,10
DA:89,10
DA:91,10
DA:92,20
DA:93,20
DA:94,10
DA:95,10
DA:99,3
DA:100,6
DA:101,1
DA:102,2
DA:104,1
DA:107,10
DA:109,2
DA:111,10
DA:112,40
DA:113,10
DA:114,10
DA:116,10
DA:117,10
DA:121,2
DA:122,4
DA:123,2
DA:124,2
DA:126,2
DA:129,10
DA:131,2
DA:133,10
DA:134,20
DA:135,20
DA:136,10
DA:137,10
DA:139,10
DA:140,10
DA:144,2
DA:145,4
DA:146,2
DA:147,2
DA:149,2
DA:159,10
DA:160,10
DA:162,10
DA:163,10
DA:165,10
DA:167,10
DA:169,10
DA:171,10
DA:172,30
DA:184,1
DA:186,1
DA:188,1
DA:190,1
DA:192,1
DA:193,2
DA:194,1
DA:196,1
DA:197,0
DA:198,0
DA:200,0
DA:203,1
DA:204,2
DA:205,1
DA:206,2
DA:207,2
DA:208,1
DA:210,0
DA:216,2
LF:110
LH:106
end_of_record
SF:./lib\injection.dart
DA:48,36
DA:50,12
DA:52,12
DA:53,34
DA:56,24
DA:57,0
DA:59,24
DA:60,4
DA:62,24
DA:63,36
DA:65,24
DA:66,32
DA:68,24
DA:69,32
DA:71,24
DA:72,0
DA:74,24
DA:75,0
DA:78,24
DA:79,0
DA:81,24
DA:82,0
DA:84,24
DA:85,16
DA:87,24
DA:88,16
DA:90,24
DA:91,16
DA:93,24
DA:94,0
DA:96,24
DA:97,0
DA:101,60
DA:102,56
DA:103,56
DA:104,24
DA:105,24
DA:106,28
DA:107,24
DA:108,24
DA:109,24
DA:110,24
DA:112,24
DA:113,40
DA:114,40
DA:115,40
DA:116,24
DA:117,24
DA:118,24
DA:119,24
DA:120,24
DA:121,24
DA:124,24
DA:125,20
DA:126,20
DA:127,20
DA:130,24
DA:131,10
DA:132,10
DA:133,10
DA:138,24
DA:139,40
DA:140,24
DA:141,40
DA:142,24
DA:143,20
DA:144,24
DA:145,20
DA:148,44
LF:69
LH:62
end_of_record
SF:./lib\presentation\pages\movie\popular_movies_page.dart
DA:10,2
DA:12,2
DA:14,2
DA:15,2
DA:16,2
DA:18,2
DA:20,2
DA:21,8
DA:22,2
DA:23,2
DA:27,2
DA:28,2
DA:29,2
DA:30,1
DA:31,1
DA:32,2
DA:33,1
DA:35,2
DA:38,2
LF:19
LH:19
end_of_record
SF:./lib\presentation\pages\movie\search_movie_page.dart
DA:11,2
DA:13,2
DA:15,2
DA:16,2
DA:17,2
DA:19,2
DA:21,2
DA:23,2
DA:24,2
DA:25,1
DA:26,4
DA:28,2
DA:30,2
DA:31,2
DA:35,2
DA:36,2
DA:38,2
DA:40,2
DA:41,8
DA:42,2
DA:43,2
DA:47,2
DA:48,2
DA:49,2
DA:50,1
DA:51,1
DA:52,1
DA:53,2
DA:54,1
DA:56,2
DA:60,2
LF:31
LH:31
end_of_record
SF:./lib\presentation\pages\movie\top_rated_movies_page.dart
DA:10,2
DA:12,2
DA:14,2
DA:15,2
DA:16,2
DA:18,2
DA:20,2
DA:21,8
DA:22,2
DA:23,2
DA:27,2
DA:28,2
DA:29,2
DA:30,1
DA:31,1
DA:32,2
DA:33,1
DA:35,2
DA:38,2
LF:19
LH:19
end_of_record
SF:./lib\presentation\pages\tv\home_tv_page.dart
DA:19,6
DA:21,6
DA:23,6
DA:24,6
DA:25,6
DA:26,6
DA:27,6
DA:28,1
DA:29,1
DA:31,6
DA:35,6
DA:37,6
DA:38,6
DA:40,6
DA:41,6
DA:43,2
DA:45,6
DA:46,24
DA:47,6
DA:48,6
DA:52,4
DA:53,8
DA:54,2
DA:55,4
DA:57,2
DA:60,6
DA:62,2
DA:64,6
DA:65,24
DA:66,6
DA:67,6
DA:71,4
DA:72,8
DA:73,2
DA:74,4
DA:76,2
DA:79,6
DA:81,2
DA:83,6
DA:84,24
DA:85,6
DA:86,6
DA:90,4
DA:91,8
DA:92,2
DA:93,4
DA:95,2
DA:105,6
DA:106,6
DA:108,6
DA:109,6
DA:111,6
DA:113,6
DA:115,6
DA:117,6
DA:118,18
DA:130,4
DA:132,4
DA:134,4
DA:136,4
DA:137,4
DA:143,1
DA:144,2
DA:145,1
DA:146,1
DA:147,1
DA:148,1
DA:149,2
DA:151,1
DA:152,2
DA:153,1
DA:154,2
DA:155,2
DA:156,1
DA:159,0
DA:163,1
DA:164,1
DA:168,1
DA:169,2
DA:177,20
LF:80
LH:79
end_of_record
SF:./lib\presentation\pages\watchlist\watchlist_page.dart
DA:13,2
DA:15,2
DA:17,2
DA:18,2
DA:19,2
DA:21,2
DA:22,2
DA:23,2
DA:25,2
DA:27,2
DA:28,2
DA:30,2
DA:32,2
DA:33,4
DA:34,4
DA:35,2
DA:36,2
DA:40,2
DA:41,2
DA:42,2
DA:43,1
DA:45,1
DA:46,1
DA:47,2
DA:48,1
DA:50,2
DA:53,2
DA:56,2
DA:59,2
DA:61,2
DA:63,2
DA:64,8
DA:65,2
DA:66,2
DA:70,2
DA:71,2
DA:72,2
DA:73,1
DA:75,1
DA:76,1
DA:77,2
DA:78,1
DA:80,2
DA:83,2
LF:44
LH:44
end_of_record
SF:./lib\routes\my_router.dart
DA:18,10
DA:20,20
DA:21,10
DA:22,10
DA:23,10
DA:26,20
DA:27,10
DA:30,10
DA:31,10
DA:34,0
DA:35,0
DA:36,0
DA:40,10
DA:43,4
DA:44,2
DA:47,10
DA:50,4
DA:51,2
DA:54,10
DA:57,4
DA:58,2
DA:61,10
DA:64,12
DA:65,6
DA:67,10
DA:68,10
DA:71,0
DA:72,0
DA:73,0
DA:77,10
DA:80,2
DA:81,1
DA:84,10
DA:87,2
DA:88,1
DA:91,10
DA:94,2
DA:95,1
DA:98,10
DA:101,2
DA:102,1
DA:106,10
DA:109,2
DA:110,1
DA:113,10
DA:116,4
DA:117,2
LF:47
LH:41
end_of_record
SF:./lib\presentation\widgets\movie_card_list.dart
DA:11,4
DA:13,4
DA:15,4
DA:17,4
DA:18,0
DA:19,0
DA:21,0
DA:24,4
DA:26,4
DA:27,4
DA:28,4
DA:34,4
DA:36,4
DA:37,4
DA:38,8
DA:41,4
DA:43,4
DA:44,4
DA:45,8
DA:53,4
DA:58,4
DA:59,8
DA:60,4
DA:61,12
DA:63,8
DA:64,4
DA:66,0
LF:27
LH:23
end_of_record
SF:./lib\presentation\widgets\tv_card_list.dart
DA:11,5
DA:13,5
DA:15,5
DA:17,5
DA:18,0
DA:19,0
DA:21,5
DA:23,5
DA:24,5
DA:25,5
DA:32,5
DA:34,5
DA:35,5
DA:36,10
DA:39,5
DA:41,5
DA:42,5
DA:43,10
DA:51,5
DA:56,5
DA:57,10
DA:58,5
DA:59,15
DA:61,10
DA:62,5
DA:64,0
LF:26
LH:23
end_of_record
SF:./lib\presentation\pages\movie\movie_detail_page.dart
DA:17,1
DA:19,1
DA:21,1
DA:22,1
DA:23,5
DA:24,1
DA:25,1
DA:29,1
DA:30,2
DA:31,1
DA:32,1
DA:33,1
DA:34,1
DA:38,1
DA:48,1
DA:50,1
DA:52,3
DA:53,1
DA:54,1
DA:55,1
DA:56,3
DA:58,2
DA:59,1
DA:61,0
DA:63,1
DA:65,1
DA:66,1
DA:67,1
DA:68,1
DA:70,2
DA:77,1
DA:78,1
DA:79,1
DA:81,1
DA:83,1
DA:85,1
DA:86,1
DA:87,2
DA:88,1
DA:90,1
DA:92,1
DA:93,1
DA:94,2
DA:95,1
DA:96,2
DA:97,1
DA:100,3
DA:101,3
DA:104,2
DA:105,4
DA:106,1
DA:107,1
DA:111,1
DA:112,2
DA:114,1
DA:115,1
DA:116,1
DA:117,3
DA:118,2
DA:119,1
DA:121,1
DA:123,1
DA:124,1
DA:125,1
DA:126,1
DA:127,1
DA:128,1
DA:133,1
DA:136,1
DA:137,3
DA:139,1
DA:140,3
DA:142,1
DA:143,1
DA:144,1
DA:145,3
DA:147,2
DA:153,4
DA:156,1
DA:157,1
DA:159,1
DA:161,1
DA:162,2
DA:164,1
DA:165,1
DA:167,1
DA:169,1
DA:171,2
DA:172,4
DA:173,1
DA:174,1
DA:175,1
DA:176,1
DA:179,1
DA:180,2
DA:182,1
DA:183,1
DA:185,1
DA:187,1
DA:188,2
DA:189,1
DA:191,1
DA:192,0
DA:193,0
DA:195,0
DA:198,1
DA:199,1
DA:200,1
DA:202,1
DA:204,2
DA:205,1
DA:206,1
DA:208,1
DA:211,0
DA:212,0
DA:218,2
DA:222,1
DA:230,1
DA:232,1
DA:245,1
DA:247,1
DA:250,1
DA:251,1
DA:252,0
DA:253,0
DA:262,1
DA:264,2
DA:265,3
DA:268,1
DA:272,3
DA:275,1
DA:276,1
DA:277,1
DA:279,1
DA:280,1
DA:282,0
LF:136
LH:127
end_of_record
SF:./lib\presentation\pages\tv\now_playing_tv_page.dart
DA:10,1
DA:12,1
DA:14,1
DA:15,1
DA:16,1
DA:18,1
DA:20,1
DA:21,4
DA:22,1
DA:23,1
DA:27,1
DA:28,2
DA:29,1
DA:30,1
DA:31,1
DA:32,2
DA:33,1
DA:35,2
DA:38,1
LF:19
LH:19
end_of_record
SF:./lib\presentation\pages\tv\popular_tv_page.dart
DA:10,1
DA:12,1
DA:14,1
DA:15,1
DA:16,1
DA:18,1
DA:20,1
DA:21,4
DA:22,1
DA:23,1
DA:27,1
DA:28,2
DA:29,1
DA:30,1
DA:31,1
DA:32,2
DA:33,1
DA:35,2
DA:38,1
LF:19
LH:19
end_of_record
SF:./lib\presentation\pages\tv\search_tv_page.dart
DA:11,1
DA:13,1
DA:15,1
DA:16,1
DA:17,1
DA:19,1
DA:21,1
DA:23,1
DA:24,1
DA:25,1
DA:26,4
DA:28,1
DA:30,1
DA:31,1
DA:35,1
DA:36,1
DA:38,1
DA:40,1
DA:41,4
DA:42,1
DA:43,1
DA:47,1
DA:48,2
DA:49,1
DA:50,1
DA:51,1
DA:52,1
DA:53,2
DA:54,1
DA:56,2
DA:60,1
LF:31
LH:31
end_of_record
SF:./lib\presentation\pages\tv\top_rated_tv_page.dart
DA:10,1
DA:12,1
DA:14,1
DA:15,1
DA:16,1
DA:18,1
DA:19,4
DA:20,1
DA:21,1
DA:25,1
DA:26,2
DA:27,1
DA:28,1
DA:29,1
DA:30,2
DA:31,1
DA:33,2
DA:36,1
LF:18
LH:18
end_of_record
SF:./lib\presentation\pages\tv\tv_detail_page.dart
DA:18,1
DA:20,1
DA:22,1
DA:23,1
DA:24,5
DA:25,1
DA:26,1
DA:30,1
DA:31,2
DA:32,1
DA:33,1
DA:34,1
DA:35,1
DA:39,1
DA:49,1
DA:51,1
DA:53,3
DA:54,1
DA:55,1
DA:56,1
DA:57,3
DA:59,2
DA:60,1
DA:62,0
DA:64,1
DA:66,1
DA:67,1
DA:68,1
DA:69,1
DA:71,2
DA:78,1
DA:79,1
DA:80,1
DA:82,1
DA:84,1
DA:86,1
DA:87,1
DA:88,2
DA:89,1
DA:91,1
DA:92,1
DA:93,1
DA:94,2
DA:95,1
DA:96,2
DA:97,1
DA:100,1
DA:101,1
DA:102,4
DA:105,2
DA:106,4
DA:107,1
DA:108,1
DA:112,1
DA:113,2
DA:115,1
DA:116,1
DA:117,1
DA:118,3
DA:119,1
DA:120,2
DA:122,1
DA:124,1
DA:125,1
DA:126,1
DA:127,1
DA:128,1
DA:129,1
DA:134,1
DA:137,1
DA:138,3
DA:140,1
DA:141,1
DA:143,1
DA:144,1
DA:145,1
DA:146,2
DA:148,2
DA:154,4
DA:157,1
DA:158,1
DA:160,1
DA:162,1
DA:163,2
DA:165,1
DA:166,1
DA:168,1
DA:170,1
DA:172,2
DA:173,4
DA:174,1
DA:175,1
DA:176,1
DA:177,1
DA:179,1
DA:180,2
DA:181,1
DA:182,1
DA:184,1
DA:186,1
DA:187,2
DA:188,1
DA:190,1
DA:191,0
DA:192,0
DA:194,0
DA:197,1
DA:198,1
DA:199,1
DA:201,1
DA:203,2
DA:204,1
DA:205,1
DA:207,1
DA:210,0
DA:211,0
DA:217,2
DA:221,1
DA:229,1
DA:231,1
DA:244,1
DA:246,1
DA:249,1
DA:250,1
DA:251,0
DA:252,0
DA:261,1
DA:263,2
DA:264,3
DA:267,1
DA:271,3
DA:274,1
DA:275,1
DA:276,1
DA:278,1
DA:279,0
DA:281,1
LF:137
LH:128
end_of_record
